#
# There is insufficient memory for the Java Runtime Environment to continue.
# Native memory allocation (malloc) failed to allocate 196432 bytes. Error detail: Chunk::new
# Possible reasons:
#   The system is out of physical RAM or swap space
#   This process is running with CompressedOops enabled, and the Java Heap may be blocking the growth of the native heap
# Possible solutions:
#   Reduce memory load on the system
#   Increase physical memory or swap space
#   Check if swap backing store is full
#   Decrease Java heap size (-Xmx/-Xms)
#   Decrease number of Java threads
#   Decrease Java thread stack sizes (-Xss)
#   Set larger code cache with -XX:ReservedCodeCacheSize=
#   JVM is running with Unscaled Compressed Oops mode in which the Java heap is
#     placed in the first 4GB address space. The Java Heap base address is the
#     maximum limit for the native heap growth. Please use -XX:HeapBaseMinAddress
#     to set the Java Heap base and to place the Java Heap above 4GB virtual address.
# This output file may be truncated or incomplete.
#
#  Out of Memory Error (arena.cpp:168), pid=39252, tid=29180
#
# JRE version: OpenJDK Runtime Environment Temurin-21.0.10+7 (21.0.10+7) (build 21.0.10+7-LTS)
# Java VM: OpenJDK 64-Bit Server VM Temurin-21.0.10+7 (21.0.10+7-LTS, mixed mode, sharing, tiered, compressed oops, compressed class ptrs, parallel gc, windows-amd64)
# No core dump will be written. Minidumps are not enabled by default on client versions of Windows
#

---------------  S U M M A R Y ------------

Command Line: --add-modules=ALL-SYSTEM --add-opens=java.base/java.util=ALL-UNNAMED --add-opens=java.base/java.lang=ALL-UNNAMED --add-opens=java.base/sun.nio.fs=ALL-UNNAMED -Declipse.application=org.eclipse.jdt.ls.core.id1 -Dosgi.bundles.defaultStartLevel=4 -Declipse.product=org.eclipse.jdt.ls.core.product -Djava.import.generatesMetadataFilesAtProjectRoot=false -DDetectVMInstallationsJob.disabled=true -Dfile.encoding=utf8 -XX:+UseParallelGC -XX:GCTimeRatio=4 -XX:AdaptiveSizePolicyWeight=90 -Dsun.zip.disableMemoryMapping=true -Xmx2G -Xms100m -Xlog:disable -javaagent:c:\Users\Aline\.vscode\extensions\redhat.java-1.54.0-win32-x64\lombok\lombok-1.18.39-4050.jar -XX:+HeapDumpOnOutOfMemoryError -XX:HeapDumpPath=c:\Users\Aline\AppData\Roaming\Code\User\workspaceStorage\7cf3a52f081cc32b2f7e98ab787a558f\redhat.java -Daether.dependencyCollector.impl=bf c:\Users\Aline\.vscode\extensions\redhat.java-1.54.0-win32-x64\server\plugins\org.eclipse.equinox.launcher_1.7.100.v20251111-0406.jar -configuration c:\Users\Aline\AppData\Roaming\Code\User\globalStorage\redhat.java\1.54.0\config_win -data c:\Users\Aline\AppData\Roaming\Code\User\workspaceStorage\7cf3a52f081cc32b2f7e98ab787a558f\redhat.java\jdt_ws --pipe=\\.\pipe\lsp-8c31db218ddaa4f6af800980cbc8a47a-sock

Host: 13th Gen Intel(R) Core(TM) i7-1355U, 12 cores, 15G,  Windows 11 , 64 bit Build 26100 (10.0.26100.8328)
Time: Wed May 20 11:07:15 2026 Hora oficial do Brasil elapsed time: 55839.267008 seconds (0d 15h 30m 39s)

---------------  T H R E A D  ---------------

Current thread (0x000001c5fb637220):  JavaThread "C2 CompilerThread1" daemon [_thread_in_native, id=29180, stack(0x0000005917800000,0x0000005917900000) (1024K)]


Current CompileTask:
C2:55839267 7076       4       sun.nio.fs.WindowsPathParser::parse (504 bytes)

Stack: [0x0000005917800000,0x0000005917900000]
Native frames: (J=compiled Java code, j=interpreted, Vv=VM code, C=native code)
V  [jvm.dll+0x6d7a39]
V  [jvm.dll+0x8b4b26]
V  [jvm.dll+0x8b70de]
V  [jvm.dll+0x8b77c3]
V  [jvm.dll+0x284346]
V  [jvm.dll+0xc66ed]
V  [jvm.dll+0xc6c31]
V  [jvm.dll+0x3bec3b]
V  [jvm.dll+0x1e396e]
V  [jvm.dll+0x24c6b3]
V  [jvm.dll+0x24bb40]
V  [jvm.dll+0x1cb34e]
V  [jvm.dll+0x25b85d]
V  [jvm.dll+0x259dea]
V  [jvm.dll+0x3f857e]
V  [jvm.dll+0x85f59d]
V  [jvm.dll+0x6d626d]
C  [ucrtbase.dll+0x37b0]
C  [KERNEL32.DLL+0x2e957]
C  [ntdll.dll+0x427c]


---------------  P R O C E S S  ---------------

Threads class SMR info:
_java_thread_list=0x000001c5fe2c52a0, length=40, elements={
0x000001c59abf7350, 0x000001c5b3a500b0, 0x000001c5b3a50fd0, 0x000001c5b3a54430,
0x000001c5b3a573d0, 0x000001c5b3a594c0, 0x000001c5b3a5ddf0, 0x000001c5f5e082b0,
0x000001c5f5e39800, 0x000001c5f605ac90, 0x000001c5fb0970c0, 0x000001c5fb3bff60,
0x000001c5fb2d2830, 0x000001c5fbb4a6b0, 0x000001c5fbb4b900, 0x000001c5fbd773c0,
0x000001c5fbef0030, 0x000001c5fbb22bf0, 0x000001c5fc5b48b0, 0x000001c5fc5b1ac0,
0x000001c5fc5b2e70, 0x000001c5fc064da0, 0x000001c5fc065430, 0x000001c5fc065ac0,
0x000001c5fc066150, 0x000001c5fc0667e0, 0x000001c5fc067500, 0x000001c5fca86dd0,
0x000001c5fca85a20, 0x000001c5fca87af0, 0x000001c5fca85390, 0x000001c5fca87460,
0x000001c5fca860b0, 0x000001c5fca88180, 0x000001c5fca84d00, 0x000001c5fca86740,
0x000001c5fca8a8e0, 0x000001c5fca88810, 0x000001c5fb637220, 0x000001c5fe4f3670
}

Java Threads: ( => current thread )
  0x000001c59abf7350 JavaThread "main"                              [_thread_blocked, id=38956, stack(0x0000005917b00000,0x0000005917c00000) (1024K)]
  0x000001c5b3a500b0 JavaThread "Reference Handler"          daemon [_thread_blocked, id=36104, stack(0x0000005917f00000,0x0000005918000000) (1024K)]
  0x000001c5b3a50fd0 JavaThread "Finalizer"                  daemon [_thread_blocked, id=23724, stack(0x0000005918000000,0x0000005918100000) (1024K)]
  0x000001c5b3a54430 JavaThread "Signal Dispatcher"          daemon [_thread_blocked, id=34280, stack(0x0000005918100000,0x0000005918200000) (1024K)]
  0x000001c5b3a573d0 JavaThread "Attach Listener"            daemon [_thread_blocked, id=20384, stack(0x0000005918200000,0x0000005918300000) (1024K)]
  0x000001c5b3a594c0 JavaThread "Service Thread"             daemon [_thread_blocked, id=47692, stack(0x0000005918300000,0x0000005918400000) (1024K)]
  0x000001c5b3a5ddf0 JavaThread "Monitor Deflation Thread"   daemon [_thread_blocked, id=6840, stack(0x0000005918400000,0x0000005918500000) (1024K)]
  0x000001c5f5e082b0 JavaThread "C2 CompilerThread0"         daemon [_thread_in_native, id=30272, stack(0x0000005918500000,0x0000005918600000) (1024K)]
  0x000001c5f5e39800 JavaThread "C1 CompilerThread0"         daemon [_thread_blocked, id=43280, stack(0x0000005918600000,0x0000005918700000) (1024K)]
  0x000001c5f605ac90 JavaThread "Common-Cleaner"             daemon [_thread_blocked, id=36932, stack(0x0000005918700000,0x0000005918800000) (1024K)]
  0x000001c5fb0970c0 JavaThread "Notification Thread"        daemon [_thread_blocked, id=36072, stack(0x0000005918900000,0x0000005918a00000) (1024K)]
  0x000001c5fb3bff60 JavaThread "Active Thread: Equinox Container: 06b137fd-fa1f-4377-8d4e-39921fce3038"        [_thread_blocked, id=39300, stack(0x0000005918a00000,0x0000005918b00000) (1024K)]
  0x000001c5fb2d2830 JavaThread "Refresh Thread: Equinox Container: 06b137fd-fa1f-4377-8d4e-39921fce3038" daemon [_thread_blocked, id=4644, stack(0x0000005919200000,0x0000005919300000) (1024K)]
  0x000001c5fbb4a6b0 JavaThread "Framework Event Dispatcher: Equinox Container: 06b137fd-fa1f-4377-8d4e-39921fce3038" daemon [_thread_blocked, id=14800, stack(0x0000005919300000,0x0000005919400000) (1024K)]
  0x000001c5fbb4b900 JavaThread "Start Level: Equinox Container: 06b137fd-fa1f-4377-8d4e-39921fce3038" daemon [_thread_blocked, id=39032, stack(0x0000005919400000,0x0000005919500000) (1024K)]
  0x000001c5fbd773c0 JavaThread "Bundle File Closer"         daemon [_thread_blocked, id=40124, stack(0x0000005919800000,0x0000005919900000) (1024K)]
  0x000001c5fbef0030 JavaThread "SCR Component Actor"        daemon [_thread_blocked, id=38656, stack(0x0000005918800000,0x0000005918900000) (1024K)]
  0x000001c5fbb22bf0 JavaThread "Worker-JM"                         [_thread_blocked, id=45992, stack(0x0000005919500000,0x0000005919600000) (1024K)]
  0x000001c5fc5b48b0 JavaThread "Worker-1"                          [_thread_blocked, id=35144, stack(0x0000005919a00000,0x0000005919b00000) (1024K)]
  0x000001c5fc5b1ac0 JavaThread "Java indexing"              daemon [_thread_blocked, id=38004, stack(0x0000005919f00000,0x000000591a000000) (1024K)]
  0x000001c5fc5b2e70 JavaThread "JNA Cleaner"                daemon [_thread_blocked, id=5536, stack(0x0000005919e00000,0x0000005919f00000) (1024K)]
  0x000001c5fc064da0 JavaThread "Thread-1"                   daemon [_thread_in_native, id=38824, stack(0x000000591a600000,0x000000591a700000) (1024K)]
  0x000001c5fc065430 JavaThread "Thread-2"                   daemon [_thread_in_native, id=40620, stack(0x000000591a700000,0x000000591a800000) (1024K)]
  0x000001c5fc065ac0 JavaThread "Thread-3"                   daemon [_thread_in_native, id=16860, stack(0x000000591a800000,0x000000591a900000) (1024K)]
  0x000001c5fc066150 JavaThread "Thread-4"                   daemon [_thread_in_native, id=31132, stack(0x000000591a900000,0x000000591aa00000) (1024K)]
  0x000001c5fc0667e0 JavaThread "Thread-5"                   daemon [_thread_in_native, id=4768, stack(0x000000591aa00000,0x000000591ab00000) (1024K)]
  0x000001c5fc067500 JavaThread "Thread-6"                   daemon [_thread_in_native, id=4536, stack(0x000000591ab00000,0x000000591ac00000) (1024K)]
  0x000001c5fca86dd0 JavaThread "Thread-7"                   daemon [_thread_in_native, id=45876, stack(0x000000591ac00000,0x000000591ad00000) (1024K)]
  0x000001c5fca85a20 JavaThread "Thread-8"                   daemon [_thread_in_native, id=42960, stack(0x000000591ad00000,0x000000591ae00000) (1024K)]
  0x000001c5fca87af0 JavaThread "Thread-9"                   daemon [_thread_in_native, id=25692, stack(0x000000591ae00000,0x000000591af00000) (1024K)]
  0x000001c5fca85390 JavaThread "Thread-10"                  daemon [_thread_in_native, id=19388, stack(0x000000591af00000,0x000000591b000000) (1024K)]
  0x000001c5fca87460 JavaThread "Thread-11"                  daemon [_thread_in_native, id=33228, stack(0x000000591b000000,0x000000591b100000) (1024K)]
  0x000001c5fca860b0 JavaThread "Thread-12"                  daemon [_thread_in_native, id=45828, stack(0x000000591b100000,0x000000591b200000) (1024K)]
  0x000001c5fca88180 JavaThread "Thread-13"                  daemon [_thread_in_native, id=11848, stack(0x000000591b200000,0x000000591b300000) (1024K)]
  0x000001c5fca84d00 JavaThread "pool-2-thread-1"                   [_thread_blocked, id=40356, stack(0x000000591b300000,0x000000591b400000) (1024K)]
  0x000001c5fca86740 JavaThread "WorkspaceEventsHandler"            [_thread_in_native, id=31776, stack(0x000000591b400000,0x000000591b500000) (1024K)]
  0x000001c5fca8a8e0 JavaThread "pool-1-thread-1"                   [_thread_blocked, id=23404, stack(0x000000591b500000,0x000000591b600000) (1024K)]
  0x000001c5fca88810 JavaThread "Worker-6"                          [_thread_blocked, id=7584, stack(0x0000005919b00000,0x0000005919c00000) (1024K)]
=>0x000001c5fb637220 JavaThread "C2 CompilerThread1"         daemon [_thread_in_native, id=29180, stack(0x0000005917800000,0x0000005917900000) (1024K)]
  0x000001c5fe4f3670 JavaThread "C2 CompilerThread2"         daemon [_thread_in_native, id=34804, stack(0x0000005917900000,0x0000005917a00000) (1024K)]
Total: 40

Other Threads:
  0x000001c5b3a441f0 VMThread "VM Thread"                           [id=24300, stack(0x0000005917e00000,0x0000005917f00000) (1024K)]
  0x000001c5b393ba00 WatcherThread "VM Periodic Task Thread"        [id=2380, stack(0x0000005917d00000,0x0000005917e00000) (1024K)]
  0x000001c59cfe4e50 WorkerThread "GC Thread#0"                     [id=38440, stack(0x0000005917c00000,0x0000005917d00000) (1024K)]
  0x000001c5fb8114a0 WorkerThread "GC Thread#1"                     [id=31624, stack(0x0000005918b00000,0x0000005918c00000) (1024K)]
  0x000001c5fbb615e0 WorkerThread "GC Thread#2"                     [id=44920, stack(0x0000005918c00000,0x0000005918d00000) (1024K)]
  0x000001c5fbb61990 WorkerThread "GC Thread#3"                     [id=40632, stack(0x0000005918d00000,0x0000005918e00000) (1024K)]
  0x000001c5fb7d7a20 WorkerThread "GC Thread#4"                     [id=36460, stack(0x0000005918e00000,0x0000005918f00000) (1024K)]
  0x000001c5fb01d730 WorkerThread "GC Thread#5"                     [id=31028, stack(0x0000005918f00000,0x0000005919000000) (1024K)]
  0x000001c5fb01dae0 WorkerThread "GC Thread#6"                     [id=43848, stack(0x0000005919000000,0x0000005919100000) (1024K)]
  0x000001c5fb2d1f30 WorkerThread "GC Thread#7"                     [id=7428, stack(0x0000005919100000,0x0000005919200000) (1024K)]
  0x000001c5fbde86a0 WorkerThread "GC Thread#8"                     [id=36700, stack(0x0000005919600000,0x0000005919700000) (1024K)]
  0x000001c5fbf27780 WorkerThread "GC Thread#9"                     [id=9200, stack(0x0000005919700000,0x0000005919800000) (1024K)]
Total: 12

Threads with active compile tasks:
C2 CompilerThread0  55845351 7069       4       com.google.gson.internal.bind.ReflectiveTypeAdapterFactory$FieldReflectionAdapter::readField (7 bytes)
C2 CompilerThread1  55845351 7076       4       sun.nio.fs.WindowsPathParser::parse (504 bytes)
C2 CompilerThread2  55845351 7092   !   4       java.util.concurrent.ConcurrentHashMap::putVal (432 bytes)
Total: 3

VM state: not at safepoint (normal execution)

VM Mutex/Monitor currently owned by a thread: None

Heap address: 0x0000000080000000, size: 2048 MB, Compressed Oops mode: 32-bit

CDS archive(s) mapped at: [0x000001c5b4000000-0x000001c5b4ba0000-0x000001c5b4ba0000), size 12189696, SharedBaseAddress: 0x000001c5b4000000, ArchiveRelocationMode: 1.
Compressed class space mapped at: 0x000001c5b5000000-0x000001c5f5000000, reserved size: 1073741824
Narrow klass base: 0x000001c5b4000000, Narrow klass shift: 0, Narrow klass range: 0x100000000

GC Precious Log:
 CardTable entry size: 512
 CPUs: 12 total, 12 available
 Memory: 16068M
 Large Page Support: Disabled
 NUMA Support: Disabled
 Compressed Oops: Enabled (32-bit)
 Alignments: Space 512K, Generation 512K, Heap 2M
 Heap Min Capacity: 100M
 Heap Initial Capacity: 100M
 Heap Max Capacity: 2G
 Pre-touch: Disabled
 Parallel Workers: 10

Heap:
 PSYoungGen      total 22528K, used 18350K [0x00000000d5580000, 0x00000000d6e00000, 0x0000000100000000)
  eden space 22016K, 82% used [0x00000000d5580000,0x00000000d6743848,0x00000000d6b00000)
  from space 512K, 31% used [0x00000000d6d80000,0x00000000d6da8000,0x00000000d6e00000)
  to   space 512K, 0% used [0x00000000d6d00000,0x00000000d6d00000,0x00000000d6d80000)
 ParOldGen       total 68608K, used 26052K [0x0000000080000000, 0x0000000084300000, 0x00000000d5580000)
  object space 68608K, 37% used [0x0000000080000000,0x0000000081971380,0x0000000084300000)
 Metaspace       used 47082K, committed 48320K, reserved 1114112K
  class space    used 5114K, committed 5632K, reserved 1048576K

Card table byte_map: [0x000001c59c980000,0x000001c59cd90000] _byte_map_base: 0x000001c59c580000

Marking Bits: (ParMarkBitMap*) 0x00007ff8971d3450
 Begin Bits: [0x000001c5af460000, 0x000001c5b1460000)
 End Bits:   [0x000001c5b1460000, 0x000001c5b3460000)

Polling page: 0x000001c59c770000

Metaspace:

Usage:
  Non-class:     40.98 MB used.
      Class:      4.99 MB used.
       Both:     45.98 MB used.

Virtual space:
  Non-class space:       64.00 MB reserved,      41.69 MB ( 65%) committed,  1 nodes.
      Class space:        1.00 GB reserved,       5.50 MB ( <1%) committed,  1 nodes.
             Both:        1.06 GB reserved,      47.19 MB (  4%) committed. 

Chunk freelists:
   Non-Class:  6.06 MB
       Class:  10.42 MB
        Both:  16.48 MB

MaxMetaspaceSize: unlimited
CompressedClassSpaceSize: 1.00 GB
Initial GC threshold: 21.00 MB
Current GC threshold: 58.38 MB
CDS: on
 - commit_granule_bytes: 65536.
 - commit_granule_words: 8192.
 - virtual_space_node_default_size: 8388608.
 - enlarge_chunks_in_place: 1.
 - use_allocation_guard: 0.


Internal statistics:

num_allocs_failed_limit: 6.
num_arena_births: 884.
num_arena_deaths: 26.
num_vsnodes_births: 2.
num_vsnodes_deaths: 0.
num_space_committed: 755.
num_space_uncommitted: 0.
num_chunks_returned_to_freelist: 34.
num_chunks_taken_from_freelist: 2986.
num_chunk_merges: 13.
num_chunk_splits: 1833.
num_chunks_enlarged: 1080.
num_inconsistent_stats: 0.

CodeHeap 'non-profiled nmethods': size=120000Kb used=4042Kb max_used=4042Kb free=115957Kb
 bounds [0x000001c5a7c80000, 0x000001c5a8080000, 0x000001c5af1b0000]
CodeHeap 'profiled nmethods': size=120000Kb used=13994Kb max_used=13994Kb free=106005Kb
 bounds [0x000001c5a01b0000, 0x000001c5a0f60000, 0x000001c5a76e0000]
CodeHeap 'non-nmethods': size=5760Kb used=1372Kb max_used=1419Kb free=4387Kb
 bounds [0x000001c5a76e0000, 0x000001c5a7950000, 0x000001c5a7c80000]
CodeCache: size=245760Kb, used=19408Kb, max_used=19455Kb, free=226349Kb
 total_blobs=7221, nmethods=6551, adapters=576, full_count=0
Compilation: enabled, stopped_count=0, restarted_count=0

Compilation events (20 events):
Event: 55834.984 Thread 0x000001c5f5e39800 7068       3       sun.nio.ch.Invoker::invoke (51 bytes)
Event: 55834.984 Thread 0x000001c5f5e39800 nmethod 7068 0x000001c5a0f3a610 code [0x000001c5a0f3a7e0, 0x000001c5a0f3ab58]
Event: 55834.997 Thread 0x000001c5f5e082b0 7069       4       com.google.gson.internal.bind.ReflectiveTypeAdapterFactory$FieldReflectionAdapter::readField (7 bytes)
Event: 55835.114 Thread 0x000001c5f5e39800 7075       3       org.eclipse.core.runtime.NullProgressMonitor::<init> (10 bytes)
Event: 55835.114 Thread 0x000001c5f5e39800 nmethod 7075 0x000001c5a0f3ac90 code [0x000001c5a0f3ae40, 0x000001c5a0f3afb8]
Event: 55835.133 Thread 0x000001c5fb637220 7071       4       com.google.gson.stream.JsonReader::nextName (86 bytes)
Event: 55835.137 Thread 0x000001c5fb637220 nmethod 7071 0x000001c5a8071890 code [0x000001c5a8071a40, 0x000001c5a8071bf0]
Event: 55835.137 Thread 0x000001c5fb637220 7072       4       com.google.gson.stream.JsonReader::isLiteral (148 bytes)
Event: 55835.137 Thread 0x000001c5fb637220 nmethod 7072 0x000001c5a8071d90 code [0x000001c5a8071f20, 0x000001c5a8071fd8]
Event: 55835.137 Thread 0x000001c5fb637220 7070       4       java.util.concurrent.locks.LockSupport::setBlocker (12 bytes)
Event: 55835.138 Thread 0x000001c5fb637220 nmethod 7070 0x000001c5a8072090 code [0x000001c5a8072200, 0x000001c5a8072288]
Event: 55835.138 Thread 0x000001c5fb637220 7073       4       java.util.concurrent.atomic.AtomicLong::compareAndSet (13 bytes)
Event: 55835.138 Thread 0x000001c5fb637220 nmethod 7073 0x000001c5a8072390 code [0x000001c5a8072520, 0x000001c5a80725c0]
Event: 55835.138 Thread 0x000001c5fb637220 7074       4       java.util.concurrent.locks.AbstractQueuedSynchronizer::casTail (13 bytes)
Event: 55835.139 Thread 0x000001c5fb637220 nmethod 7074 0x000001c5a8072690 code [0x000001c5a8072820, 0x000001c5a80728e0]
Event: 55835.181 Thread 0x000001c5fb637220 7076       4       sun.nio.fs.WindowsPathParser::parse (504 bytes)
Event: 55835.247 Thread 0x000001c5f5e39800 7077       3       java.net.URI::equalIgnoringCase (68 bytes)
Event: 55836.236 Thread 0x000001c5f5e39800 nmethod 7077 0x000001c5a0f3b090 code [0x000001c5a0f3b360, 0x000001c5a0f3c310]
Event: 55836.236 Thread 0x000001c5f5e39800 7079   !   3       org.eclipse.jdt.ls.core.internal.JDTUtils::findResource (315 bytes)
Event: 55838.251 Thread 0x000001c5f5e39800 nmethod 7079 0x000001c5a0f3c910 code [0x000001c5a0f3ce40, 0x000001c5a0f3f230]

GC Heap History (20 events):
Event: 18.036 GC heap before
{Heap before GC invocations=18 (full 2):
 PSYoungGen      total 23040K, used 23028K [0x00000000d5580000, 0x00000000d7180000, 0x0000000100000000)
  eden space 22016K, 100% used [0x00000000d5580000,0x00000000d6b00000,0x00000000d6b00000)
  from space 1024K, 98% used [0x00000000d6f80000,0x00000000d707d340,0x00000000d7080000)
  to   space 1024K, 0% used [0x00000000d7080000,0x00000000d7080000,0x00000000d7180000)
 ParOldGen       total 68608K, used 18818K [0x0000000080000000, 0x0000000084300000, 0x00000000d5580000)
  object space 68608K, 27% used [0x0000000080000000,0x0000000081260bf8,0x0000000084300000)
 Metaspace       used 40171K, committed 41280K, reserved 1114112K
  class space    used 4351K, committed 4800K, reserved 1048576K
}
Event: 18.040 GC heap after
{Heap after GC invocations=18 (full 2):
 PSYoungGen      total 23040K, used 1024K [0x00000000d5580000, 0x00000000d7200000, 0x0000000100000000)
  eden space 22016K, 0% used [0x00000000d5580000,0x00000000d5580000,0x00000000d6b00000)
  from space 1024K, 100% used [0x00000000d7080000,0x00000000d7180000,0x00000000d7180000)
  to   space 3584K, 0% used [0x00000000d6b00000,0x00000000d6b00000,0x00000000d6e80000)
 ParOldGen       total 68608K, used 20680K [0x0000000080000000, 0x0000000084300000, 0x00000000d5580000)
  object space 68608K, 30% used [0x0000000080000000,0x0000000081432328,0x0000000084300000)
 Metaspace       used 40171K, committed 41280K, reserved 1114112K
  class space    used 4351K, committed 4800K, reserved 1048576K
}
Event: 18.606 GC heap before
{Heap before GC invocations=19 (full 2):
 PSYoungGen      total 23040K, used 23040K [0x00000000d5580000, 0x00000000d7200000, 0x0000000100000000)
  eden space 22016K, 100% used [0x00000000d5580000,0x00000000d6b00000,0x00000000d6b00000)
  from space 1024K, 100% used [0x00000000d7080000,0x00000000d7180000,0x00000000d7180000)
  to   space 3584K, 0% used [0x00000000d6b00000,0x00000000d6b00000,0x00000000d6e80000)
 ParOldGen       total 68608K, used 20680K [0x0000000080000000, 0x0000000084300000, 0x00000000d5580000)
  object space 68608K, 30% used [0x0000000080000000,0x0000000081432328,0x0000000084300000)
 Metaspace       used 42733K, committed 43968K, reserved 1114112K
  class space    used 4673K, committed 5184K, reserved 1048576K
}
Event: 18.609 GC heap after
{Heap after GC invocations=19 (full 2):
 PSYoungGen      total 25600K, used 1323K [0x00000000d5580000, 0x00000000d7100000, 0x0000000100000000)
  eden space 22016K, 0% used [0x00000000d5580000,0x00000000d5580000,0x00000000d6b00000)
  from space 3584K, 36% used [0x00000000d6b00000,0x00000000d6c4aea8,0x00000000d6e80000)
  to   space 2048K, 0% used [0x00000000d6f00000,0x00000000d6f00000,0x00000000d7100000)
 ParOldGen       total 68608K, used 21692K [0x0000000080000000, 0x0000000084300000, 0x00000000d5580000)
  object space 68608K, 31% used [0x0000000080000000,0x000000008152f190,0x0000000084300000)
 Metaspace       used 42733K, committed 43968K, reserved 1114112K
  class space    used 4673K, committed 5184K, reserved 1048576K
}
Event: 24.547 GC heap before
{Heap before GC invocations=20 (full 2):
 PSYoungGen      total 25600K, used 23339K [0x00000000d5580000, 0x00000000d7100000, 0x0000000100000000)
  eden space 22016K, 100% used [0x00000000d5580000,0x00000000d6b00000,0x00000000d6b00000)
  from space 3584K, 36% used [0x00000000d6b00000,0x00000000d6c4aea8,0x00000000d6e80000)
  to   space 2048K, 0% used [0x00000000d6f00000,0x00000000d6f00000,0x00000000d7100000)
 ParOldGen       total 68608K, used 21692K [0x0000000080000000, 0x0000000084300000, 0x00000000d5580000)
  object space 68608K, 31% used [0x0000000080000000,0x000000008152f190,0x0000000084300000)
 Metaspace       used 44792K, committed 46016K, reserved 1114112K
  class space    used 4907K, committed 5440K, reserved 1048576K
}
Event: 24.550 GC heap after
{Heap after GC invocations=20 (full 2):
 PSYoungGen      total 23552K, used 1120K [0x00000000d5580000, 0x00000000d7080000, 0x0000000100000000)
  eden space 22016K, 0% used [0x00000000d5580000,0x00000000d5580000,0x00000000d6b00000)
  from space 1536K, 72% used [0x00000000d6f00000,0x00000000d7018000,0x00000000d7080000)
  to   space 1536K, 0% used [0x00000000d6d80000,0x00000000d6d80000,0x00000000d6f00000)
 ParOldGen       total 68608K, used 22738K [0x0000000080000000, 0x0000000084300000, 0x00000000d5580000)
  object space 68608K, 33% used [0x0000000080000000,0x00000000816349c0,0x0000000084300000)
 Metaspace       used 44792K, committed 46016K, reserved 1114112K
  class space    used 4907K, committed 5440K, reserved 1048576K
}
Event: 25.947 GC heap before
{Heap before GC invocations=21 (full 2):
 PSYoungGen      total 23552K, used 23136K [0x00000000d5580000, 0x00000000d7080000, 0x0000000100000000)
  eden space 22016K, 100% used [0x00000000d5580000,0x00000000d6b00000,0x00000000d6b00000)
  from space 1536K, 72% used [0x00000000d6f00000,0x00000000d7018000,0x00000000d7080000)
  to   space 1536K, 0% used [0x00000000d6d80000,0x00000000d6d80000,0x00000000d6f00000)
 ParOldGen       total 68608K, used 22738K [0x0000000080000000, 0x0000000084300000, 0x00000000d5580000)
  object space 68608K, 33% used [0x0000000080000000,0x00000000816349c0,0x0000000084300000)
 Metaspace       used 44810K, committed 46016K, reserved 1114112K
  class space    used 4908K, committed 5440K, reserved 1048576K
}
Event: 25.950 GC heap after
{Heap after GC invocations=21 (full 2):
 PSYoungGen      total 22528K, used 288K [0x00000000d5580000, 0x00000000d6f80000, 0x0000000100000000)
  eden space 22016K, 0% used [0x00000000d5580000,0x00000000d5580000,0x00000000d6b00000)
  from space 512K, 56% used [0x00000000d6d80000,0x00000000d6dc8000,0x00000000d6e00000)
  to   space 1024K, 0% used [0x00000000d6e80000,0x00000000d6e80000,0x00000000d6f80000)
 ParOldGen       total 68608K, used 23688K [0x0000000080000000, 0x0000000084300000, 0x00000000d5580000)
  object space 68608K, 34% used [0x0000000080000000,0x00000000817223a8,0x0000000084300000)
 Metaspace       used 44810K, committed 46016K, reserved 1114112K
  class space    used 4908K, committed 5440K, reserved 1048576K
}
Event: 27.594 GC heap before
{Heap before GC invocations=22 (full 2):
 PSYoungGen      total 22528K, used 22304K [0x00000000d5580000, 0x00000000d6f80000, 0x0000000100000000)
  eden space 22016K, 100% used [0x00000000d5580000,0x00000000d6b00000,0x00000000d6b00000)
  from space 512K, 56% used [0x00000000d6d80000,0x00000000d6dc8000,0x00000000d6e00000)
  to   space 1024K, 0% used [0x00000000d6e80000,0x00000000d6e80000,0x00000000d6f80000)
 ParOldGen       total 68608K, used 23688K [0x0000000080000000, 0x0000000084300000, 0x00000000d5580000)
  object space 68608K, 34% used [0x0000000080000000,0x00000000817223a8,0x0000000084300000)
 Metaspace       used 44819K, committed 46016K, reserved 1114112K
  class space    used 4908K, committed 5440K, reserved 1048576K
}
Event: 27.595 GC heap after
{Heap after GC invocations=22 (full 2):
 PSYoungGen      total 22528K, used 128K [0x00000000d5580000, 0x00000000d6f00000, 0x0000000100000000)
  eden space 22016K, 0% used [0x00000000d5580000,0x00000000d5580000,0x00000000d6b00000)
  from space 512K, 25% used [0x00000000d6e80000,0x00000000d6ea0000,0x00000000d6f00000)
  to   space 512K, 0% used [0x00000000d6d80000,0x00000000d6d80000,0x00000000d6e00000)
 ParOldGen       total 68608K, used 23768K [0x0000000080000000, 0x0000000084300000, 0x00000000d5580000)
  object space 68608K, 34% used [0x0000000080000000,0x00000000817363b8,0x0000000084300000)
 Metaspace       used 44819K, committed 46016K, reserved 1114112K
  class space    used 4908K, committed 5440K, reserved 1048576K
}
Event: 29.072 GC heap before
{Heap before GC invocations=23 (full 2):
 PSYoungGen      total 22528K, used 22144K [0x00000000d5580000, 0x00000000d6f00000, 0x0000000100000000)
  eden space 22016K, 100% used [0x00000000d5580000,0x00000000d6b00000,0x00000000d6b00000)
  from space 512K, 25% used [0x00000000d6e80000,0x00000000d6ea0000,0x00000000d6f00000)
  to   space 512K, 0% used [0x00000000d6d80000,0x00000000d6d80000,0x00000000d6e00000)
 ParOldGen       total 68608K, used 23768K [0x0000000080000000, 0x0000000084300000, 0x00000000d5580000)
  object space 68608K, 34% used [0x0000000080000000,0x00000000817363b8,0x0000000084300000)
 Metaspace       used 45280K, committed 46528K, reserved 1114112K
  class space    used 4957K, committed 5504K, reserved 1048576K
}
Event: 29.075 GC heap after
{Heap after GC invocations=23 (full 2):
 PSYoungGen      total 22528K, used 504K [0x00000000d5580000, 0x00000000d6f00000, 0x0000000100000000)
  eden space 22016K, 0% used [0x00000000d5580000,0x00000000d5580000,0x00000000d6b00000)
  from space 512K, 98% used [0x00000000d6d80000,0x00000000d6dfe1a8,0x00000000d6e00000)
  to   space 1024K, 0% used [0x00000000d6e00000,0x00000000d6e00000,0x00000000d6f00000)
 ParOldGen       total 68608K, used 23808K [0x0000000080000000, 0x0000000084300000, 0x00000000d5580000)
  object space 68608K, 34% used [0x0000000080000000,0x00000000817403b8,0x0000000084300000)
 Metaspace       used 45280K, committed 46528K, reserved 1114112K
  class space    used 4957K, committed 5504K, reserved 1048576K
}
Event: 1352.782 GC heap before
{Heap before GC invocations=24 (full 2):
 PSYoungGen      total 22528K, used 22520K [0x00000000d5580000, 0x00000000d6f00000, 0x0000000100000000)
  eden space 22016K, 100% used [0x00000000d5580000,0x00000000d6b00000,0x00000000d6b00000)
  from space 512K, 98% used [0x00000000d6d80000,0x00000000d6dfe1a8,0x00000000d6e00000)
  to   space 1024K, 0% used [0x00000000d6e00000,0x00000000d6e00000,0x00000000d6f00000)
 ParOldGen       total 68608K, used 23808K [0x0000000080000000, 0x0000000084300000, 0x00000000d5580000)
  object space 68608K, 34% used [0x0000000080000000,0x00000000817403b8,0x0000000084300000)
 Metaspace       used 46295K, committed 47424K, reserved 1114112K
  class space    used 5048K, committed 5504K, reserved 1048576K
}
Event: 1352.806 GC heap after
{Heap after GC invocations=24 (full 2):
 PSYoungGen      total 23040K, used 1024K [0x00000000d5580000, 0x00000000d6f00000, 0x0000000100000000)
  eden space 22016K, 0% used [0x00000000d5580000,0x00000000d5580000,0x00000000d6b00000)
  from space 1024K, 100% used [0x00000000d6e00000,0x00000000d6f00000,0x00000000d6f00000)
  to   space 1536K, 0% used [0x00000000d6c00000,0x00000000d6c00000,0x00000000d6d80000)
 ParOldGen       total 68608K, used 24155K [0x0000000080000000, 0x0000000084300000, 0x00000000d5580000)
  object space 68608K, 35% used [0x0000000080000000,0x0000000081796c88,0x0000000084300000)
 Metaspace       used 46295K, committed 47424K, reserved 1114112K
  class space    used 5048K, committed 5504K, reserved 1048576K
}
Event: 55834.657 GC heap before
{Heap before GC invocations=25 (full 2):
 PSYoungGen      total 23040K, used 23040K [0x00000000d5580000, 0x00000000d6f00000, 0x0000000100000000)
  eden space 22016K, 100% used [0x00000000d5580000,0x00000000d6b00000,0x00000000d6b00000)
  from space 1024K, 100% used [0x00000000d6e00000,0x00000000d6f00000,0x00000000d6f00000)
  to   space 1536K, 0% used [0x00000000d6c00000,0x00000000d6c00000,0x00000000d6d80000)
 ParOldGen       total 68608K, used 24155K [0x0000000080000000, 0x0000000084300000, 0x00000000d5580000)
  object space 68608K, 35% used [0x0000000080000000,0x0000000081796c88,0x0000000084300000)
 Metaspace       used 47005K, committed 48256K, reserved 1114112K
  class space    used 5112K, committed 5632K, reserved 1048576K
}
Event: 55834.704 GC heap after
{Heap after GC invocations=25 (full 2):
 PSYoungGen      total 23552K, used 928K [0x00000000d5580000, 0x00000000d6e80000, 0x0000000100000000)
  eden space 22016K, 0% used [0x00000000d5580000,0x00000000d5580000,0x00000000d6b00000)
  from space 1536K, 60% used [0x00000000d6c00000,0x00000000d6ce8000,0x00000000d6d80000)
  to   space 1024K, 0% used [0x00000000d6d80000,0x00000000d6d80000,0x00000000d6e80000)
 ParOldGen       total 68608K, used 25028K [0x0000000080000000, 0x0000000084300000, 0x00000000d5580000)
  object space 68608K, 36% used [0x0000000080000000,0x0000000081871370,0x0000000084300000)
 Metaspace       used 47005K, committed 48256K, reserved 1114112K
  class space    used 5112K, committed 5632K, reserved 1048576K
}
Event: 55836.125 GC heap before
{Heap before GC invocations=26 (full 2):
 PSYoungGen      total 23552K, used 22944K [0x00000000d5580000, 0x00000000d6e80000, 0x0000000100000000)
  eden space 22016K, 100% used [0x00000000d5580000,0x00000000d6b00000,0x00000000d6b00000)
  from space 1536K, 60% used [0x00000000d6c00000,0x00000000d6ce8000,0x00000000d6d80000)
  to   space 1024K, 0% used [0x00000000d6d80000,0x00000000d6d80000,0x00000000d6e80000)
 ParOldGen       total 68608K, used 25028K [0x0000000080000000, 0x0000000084300000, 0x00000000d5580000)
  object space 68608K, 36% used [0x0000000080000000,0x0000000081871370,0x0000000084300000)
 Metaspace       used 47011K, committed 48256K, reserved 1114112K
  class space    used 5112K, committed 5632K, reserved 1048576K
}
Event: 55836.234 GC heap after
{Heap after GC invocations=26 (full 2):
 PSYoungGen      total 22528K, used 512K [0x00000000d5580000, 0x00000000d6e00000, 0x0000000100000000)
  eden space 22016K, 0% used [0x00000000d5580000,0x00000000d5580000,0x00000000d6b00000)
  from space 512K, 100% used [0x00000000d6d80000,0x00000000d6e00000,0x00000000d6e00000)
  to   space 1024K, 0% used [0x00000000d6c00000,0x00000000d6c00000,0x00000000d6d00000)
 ParOldGen       total 68608K, used 25700K [0x0000000080000000, 0x0000000084300000, 0x00000000d5580000)
  object space 68608K, 37% used [0x0000000080000000,0x0000000081919370,0x0000000084300000)
 Metaspace       used 47011K, committed 48256K, reserved 1114112K
  class space    used 5112K, committed 5632K, reserved 1048576K
}
Event: 55837.008 GC heap before
{Heap before GC invocations=27 (full 2):
 PSYoungGen      total 22528K, used 22528K [0x00000000d5580000, 0x00000000d6e00000, 0x0000000100000000)
  eden space 22016K, 100% used [0x00000000d5580000,0x00000000d6b00000,0x00000000d6b00000)
  from space 512K, 100% used [0x00000000d6d80000,0x00000000d6e00000,0x00000000d6e00000)
  to   space 1024K, 0% used [0x00000000d6c00000,0x00000000d6c00000,0x00000000d6d00000)
 ParOldGen       total 68608K, used 25700K [0x0000000080000000, 0x0000000084300000, 0x00000000d5580000)
  object space 68608K, 37% used [0x0000000080000000,0x0000000081919370,0x0000000084300000)
 Metaspace       used 47012K, committed 48256K, reserved 1114112K
  class space    used 5112K, committed 5632K, reserved 1048576K
}
Event: 55837.244 GC heap after
{Heap after GC invocations=27 (full 2):
 PSYoungGen      total 23040K, used 64K [0x00000000d5580000, 0x00000000d6e00000, 0x0000000100000000)
  eden space 22016K, 0% used [0x00000000d5580000,0x00000000d5580000,0x00000000d6b00000)
  from space 1024K, 6% used [0x00000000d6c00000,0x00000000d6c10000,0x00000000d6d00000)
  to   space 512K, 0% used [0x00000000d6d80000,0x00000000d6d80000,0x00000000d6e00000)
 ParOldGen       total 68608K, used 26012K [0x0000000080000000, 0x0000000084300000, 0x00000000d5580000)
  object space 68608K, 37% used [0x0000000080000000,0x0000000081967380,0x0000000084300000)
 Metaspace       used 47012K, committed 48256K, reserved 1114112K
  class space    used 5112K, committed 5632K, reserved 1048576K
}

Dll operation events (10 events):
Event: 0.022 Loaded shared library c:\Users\Aline\.vscode\extensions\redhat.java-1.54.0-win32-x64\jre\21.0.10-win32-x86_64\bin\java.dll
Event: 0.119 Loaded shared library c:\Users\Aline\.vscode\extensions\redhat.java-1.54.0-win32-x64\jre\21.0.10-win32-x86_64\bin\zip.dll
Event: 0.155 Loaded shared library C:\Users\Aline\.vscode\extensions\redhat.java-1.54.0-win32-x64\jre\21.0.10-win32-x86_64\bin\instrument.dll
Event: 0.165 Loaded shared library C:\Users\Aline\.vscode\extensions\redhat.java-1.54.0-win32-x64\jre\21.0.10-win32-x86_64\bin\net.dll
Event: 0.169 Loaded shared library C:\Users\Aline\.vscode\extensions\redhat.java-1.54.0-win32-x64\jre\21.0.10-win32-x86_64\bin\nio.dll
Event: 0.175 Loaded shared library C:\Users\Aline\.vscode\extensions\redhat.java-1.54.0-win32-x64\jre\21.0.10-win32-x86_64\bin\zip.dll
Event: 0.212 Loaded shared library C:\Users\Aline\.vscode\extensions\redhat.java-1.54.0-win32-x64\jre\21.0.10-win32-x86_64\bin\jimage.dll
Event: 0.373 Loaded shared library c:\Users\Aline\.vscode\extensions\redhat.java-1.54.0-win32-x64\jre\21.0.10-win32-x86_64\bin\verify.dll
Event: 2.791 Loaded shared library C:\Users\Aline\AppData\Roaming\Code\User\globalStorage\redhat.java\1.54.0\config_win\org.eclipse.equinox.launcher\org.eclipse.equinox.launcher.win32.win32.x86_64_1.3.0.v20260203-2149\eclipse_11919.dll
Event: 17.334 Loaded shared library C:\Users\Aline\AppData\Local\Temp\jna-63350709\jna11777657904190852421.dll

Deoptimization events (20 events):
Event: 55833.859 Thread 0x000001c5fca8a8e0 DEOPT PACKING pc=0x000001c5a0eefa44 sp=0x000000591b5fdcc0
Event: 55833.859 Thread 0x000001c5fca8a8e0 DEOPT UNPACKING pc=0x000001c5a7734242 sp=0x000000591b5fd1c0 mode 0
Event: 55833.860 Thread 0x000001c5fca8a8e0 DEOPT PACKING pc=0x000001c5a0eefa44 sp=0x000000591b5fdcc0
Event: 55833.860 Thread 0x000001c5fca8a8e0 DEOPT UNPACKING pc=0x000001c5a7734242 sp=0x000000591b5fd1c0 mode 0
Event: 55833.860 Thread 0x000001c5fca8a8e0 Uncommon trap: trap_request=0xffffff45 fr.pc=0x000001c5a7ea1868 relative=0x0000000000000688
Event: 55833.860 Thread 0x000001c5fca8a8e0 Uncommon trap: reason=unstable_if action=reinterpret pc=0x000001c5a7ea1868 method=sun.nio.cs.StreamDecoder.implRead([CII)I @ 36 c2
Event: 55833.860 Thread 0x000001c5fca8a8e0 DEOPT PACKING pc=0x000001c5a7ea1868 sp=0x000000591b5fde30
Event: 55833.860 Thread 0x000001c5fca8a8e0 DEOPT UNPACKING pc=0x000001c5a7733aa2 sp=0x000000591b5fddd0 mode 2
Event: 55833.862 Thread 0x000001c5fca8a8e0 DEOPT PACKING pc=0x000001c5a0eefa44 sp=0x000000591b5fdc90
Event: 55833.863 Thread 0x000001c5fca8a8e0 DEOPT UNPACKING pc=0x000001c5a7734242 sp=0x000000591b5fd190 mode 0
Event: 55833.865 Thread 0x000001c5fca8a8e0 DEOPT PACKING pc=0x000001c5a0eefa44 sp=0x000000591b5fdc90
Event: 55833.865 Thread 0x000001c5fca8a8e0 DEOPT UNPACKING pc=0x000001c5a7734242 sp=0x000000591b5fd190 mode 0
Event: 55833.866 Thread 0x000001c5fca8a8e0 DEOPT PACKING pc=0x000001c5a0eefa44 sp=0x000000591b5fdc90
Event: 55833.866 Thread 0x000001c5fca8a8e0 DEOPT UNPACKING pc=0x000001c5a7734242 sp=0x000000591b5fd190 mode 0
Event: 55833.867 Thread 0x000001c5fca8a8e0 DEOPT PACKING pc=0x000001c5a0eefa44 sp=0x000000591b5fdc90
Event: 55833.867 Thread 0x000001c5fca8a8e0 DEOPT UNPACKING pc=0x000001c5a7734242 sp=0x000000591b5fd190 mode 0
Event: 55833.871 Thread 0x000001c5fca8a8e0 DEOPT PACKING pc=0x000001c5a0eefa44 sp=0x000000591b5fdc90
Event: 55833.871 Thread 0x000001c5fca8a8e0 DEOPT UNPACKING pc=0x000001c5a7734242 sp=0x000000591b5fd190 mode 0
Event: 55833.872 Thread 0x000001c5fca8a8e0 DEOPT PACKING pc=0x000001c5a0eefa44 sp=0x000000591b5fdc90
Event: 55833.872 Thread 0x000001c5fca8a8e0 DEOPT UNPACKING pc=0x000001c5a7734242 sp=0x000000591b5fd190 mode 0

Classes loaded (20 events):
Event: 1334.415 Loading class org/xml/sax/SAXParseException
Event: 1334.416 Loading class org/xml/sax/SAXParseException done
Event: 55825.216 Loading class java/util/stream/DistinctOps
Event: 55825.252 Loading class java/util/stream/DistinctOps done
Event: 55825.253 Loading class java/util/stream/DistinctOps$1
Event: 55825.320 Loading class java/util/stream/DistinctOps$1 done
Event: 55825.471 Loading class java/util/stream/DistinctOps$1$2
Event: 55825.476 Loading class java/util/stream/DistinctOps$1$2 done
Event: 55825.774 Loading class java/nio/file/InvalidPathException
Event: 55825.782 Loading class java/nio/file/InvalidPathException done
Event: 55826.718 Loading class java/nio/file/FileAlreadyExistsException
Event: 55826.721 Loading class java/nio/file/FileAlreadyExistsException done
Event: 55826.726 Loading class java/nio/file/DirectoryNotEmptyException
Event: 55826.728 Loading class java/nio/file/DirectoryNotEmptyException done
Event: 55826.732 Loading class java/nio/file/StandardCopyOption
Event: 55826.735 Loading class java/nio/file/StandardCopyOption done
Event: 55827.230 Loading class jdk/internal/reflect/MethodHandleShortFieldAccessorImpl
Event: 55827.261 Loading class jdk/internal/reflect/MethodHandleShortFieldAccessorImpl done
Event: 55827.276 Loading class java/lang/Short$ShortCache
Event: 55827.279 Loading class java/lang/Short$ShortCache done

Classes unloaded (13 events):
Event: 12.671 Thread 0x000001c5b3a441f0 Unloading class 0x000001c5b51ad400 'java/lang/invoke/LambdaForm$MH+0x000001c5b51ad400'
Event: 12.671 Thread 0x000001c5b3a441f0 Unloading class 0x000001c5b51ad000 'java/lang/invoke/LambdaForm$MH+0x000001c5b51ad000'
Event: 12.671 Thread 0x000001c5b3a441f0 Unloading class 0x000001c5b51acc00 'java/lang/invoke/LambdaForm$MH+0x000001c5b51acc00'
Event: 12.671 Thread 0x000001c5b3a441f0 Unloading class 0x000001c5b51ac800 'java/lang/invoke/LambdaForm$MH+0x000001c5b51ac800'
Event: 12.671 Thread 0x000001c5b3a441f0 Unloading class 0x000001c5b51ac400 'java/lang/invoke/LambdaForm$BMH+0x000001c5b51ac400'
Event: 12.671 Thread 0x000001c5b3a441f0 Unloading class 0x000001c5b51ac000 'java/lang/invoke/LambdaForm$DMH+0x000001c5b51ac000'
Event: 12.671 Thread 0x000001c5b3a441f0 Unloading class 0x000001c5b51aac00 'java/lang/invoke/LambdaForm$DMH+0x000001c5b51aac00'
Event: 16.830 Thread 0x000001c5b3a441f0 Unloading class 0x000001c5b52d3000 'java/lang/invoke/LambdaForm$MH+0x000001c5b52d3000'
Event: 16.830 Thread 0x000001c5b3a441f0 Unloading class 0x000001c5b52d2400 'java/lang/invoke/LambdaForm$MH+0x000001c5b52d2400'
Event: 16.830 Thread 0x000001c5b3a441f0 Unloading class 0x000001c5b52d1c00 'java/lang/invoke/LambdaForm$MH+0x000001c5b52d1c00'
Event: 16.830 Thread 0x000001c5b3a441f0 Unloading class 0x000001c5b52d1400 'java/lang/invoke/LambdaForm$MH+0x000001c5b52d1400'
Event: 16.830 Thread 0x000001c5b3a441f0 Unloading class 0x000001c5b52d1000 'java/lang/invoke/LambdaForm$DMH+0x000001c5b52d1000'
Event: 16.830 Thread 0x000001c5b3a441f0 Unloading class 0x000001c5b52d0400 'java/lang/invoke/LambdaForm$MH+0x000001c5b52d0400'

Classes redefined (0 events):
No events

Internal exceptions (20 events):
Event: 29.161 Thread 0x000001c5fca8a8e0 Exception <a 'sun/nio/fs/WindowsException'{0x00000000d5780fa0}> (0x00000000d5780fa0) 
thrown [s\src\hotspot\share\prims\jni.cpp, line 520]
Event: 29.161 Thread 0x000001c5fca8a8e0 Exception <a 'sun/nio/fs/WindowsException'{0x00000000d5781be8}> (0x00000000d5781be8) 
thrown [s\src\hotspot\share\prims\jni.cpp, line 520]
Event: 29.161 Thread 0x000001c5fca8a8e0 Exception <a 'sun/nio/fs/WindowsException'{0x00000000d5782218}> (0x00000000d5782218) 
thrown [s\src\hotspot\share\prims\jni.cpp, line 520]
Event: 29.162 Thread 0x000001c5fca8a8e0 Exception <a 'sun/nio/fs/WindowsException'{0x00000000d5782da0}> (0x00000000d5782da0) 
thrown [s\src\hotspot\share\prims\jni.cpp, line 520]
Event: 29.162 Thread 0x000001c5fca8a8e0 Exception <a 'sun/nio/fs/WindowsException'{0x00000000d57833d0}> (0x00000000d57833d0) 
thrown [s\src\hotspot\share\prims\jni.cpp, line 520]
Event: 29.163 Thread 0x000001c5fca8a8e0 Exception <a 'sun/nio/fs/WindowsException'{0x00000000d5784018}> (0x00000000d5784018) 
thrown [s\src\hotspot\share\prims\jni.cpp, line 520]
Event: 29.163 Thread 0x000001c5fca8a8e0 Exception <a 'sun/nio/fs/WindowsException'{0x00000000d5784648}> (0x00000000d5784648) 
thrown [s\src\hotspot\share\prims\jni.cpp, line 520]
Event: 29.163 Thread 0x000001c5fca8a8e0 Exception <a 'sun/nio/fs/WindowsException'{0x00000000d57851d0}> (0x00000000d57851d0) 
thrown [s\src\hotspot\share\prims\jni.cpp, line 520]
Event: 29.163 Thread 0x000001c5fca8a8e0 Exception <a 'sun/nio/fs/WindowsException'{0x00000000d5785800}> (0x00000000d5785800) 
thrown [s\src\hotspot\share\prims\jni.cpp, line 520]
Event: 29.166 Thread 0x000001c5fca8a8e0 Exception <a 'java/lang/IncompatibleClassChangeError'{0x00000000d57a4438}: Found class java.lang.Object, but interface was expected> (0x00000000d57a4438) 
thrown [s\src\hotspot\share\interpreter\linkResolver.cpp, line 840]
Event: 940.201 Thread 0x000001c5fca8a8e0 Exception <a 'java/lang/IncompatibleClassChangeError'{0x00000000d5ea9518}: Found class java.lang.Object, but interface was expected> (0x00000000d5ea9518) 
thrown [s\src\hotspot\share\interpreter\linkResolver.cpp, line 840]
Event: 1352.777 Thread 0x000001c5fb3bff60 Implicit null exception at 0x000001c5a7fbcd1a to 0x000001c5a7fbdca4
Event: 55301.686 Thread 0x000001c5fca8a8e0 Exception <a 'java/lang/IncompatibleClassChangeError'{0x00000000d5852a38}: Found class java.lang.Object, but interface was expected> (0x00000000d5852a38) 
thrown [s\src\hotspot\share\interpreter\linkResolver.cpp, line 840]
Event: 55302.515 Thread 0x000001c5fc5b48b0 Exception <a 'sun/nio/fs/WindowsException'{0x00000000d58bcd88}> (0x00000000d58bcd88) 
thrown [s\src\hotspot\share\prims\jni.cpp, line 520]
Event: 55302.517 Thread 0x000001c5fc5b48b0 Exception <a 'sun/nio/fs/WindowsException'{0x00000000d58bd3a8}> (0x00000000d58bd3a8) 
thrown [s\src\hotspot\share\prims\jni.cpp, line 520]
Event: 55302.517 Thread 0x000001c5fc5b48b0 Exception <a 'sun/nio/fs/WindowsException'{0x00000000d58bd9c8}> (0x00000000d58bd9c8) 
thrown [s\src\hotspot\share\prims\jni.cpp, line 520]
Event: 55302.517 Thread 0x000001c5fc5b48b0 Exception <a 'sun/nio/fs/WindowsException'{0x00000000d58be000}> (0x00000000d58be000) 
thrown [s\src\hotspot\share\prims\jni.cpp, line 520]
Event: 55302.520 Thread 0x000001c5fc5b48b0 Exception <a 'sun/nio/fs/WindowsException'{0x00000000d58c0fe0}> (0x00000000d58c0fe0) 
thrown [s\src\hotspot\share\prims\jni.cpp, line 520]
Event: 55302.521 Thread 0x000001c5fc5b48b0 Exception <a 'sun/nio/fs/WindowsException'{0x00000000d58c4360}> (0x00000000d58c4360) 
thrown [s\src\hotspot\share\prims\jni.cpp, line 520]
Event: 55302.585 Thread 0x000001c5fc5b48b0 Exception <a 'java/lang/NoSuchMethodError'{0x00000000d590b018}: 'java.lang.Object java.lang.invoke.DirectMethodHandle$Holder.invokeSpecial(java.lang.Object, java.lang.Object, long, int, int)'> (0x00000000d590b018) 
thrown [s\src\hotspot\share\interpreter\linkResolver.cpp, line 773]

ZGC Phase Switch (0 events):
No events

VM Operations (20 events):
Event: 55727.574 Executing non-safepoint VM operation: RendezvousGCThreads done
Event: 55825.432 Executing non-safepoint VM operation: HandshakeAllThreads (Deoptimize)
Event: 55825.436 Executing non-safepoint VM operation: HandshakeAllThreads (Deoptimize) done
Event: 55826.446 Executing safepoint VM operation: Cleanup
Event: 55826.447 Executing safepoint VM operation: Cleanup done
Event: 55827.451 Executing safepoint VM operation: Cleanup
Event: 55827.469 Executing safepoint VM operation: Cleanup done
Event: 55828.484 Executing safepoint VM operation: Cleanup
Event: 55828.484 Executing safepoint VM operation: Cleanup done
Event: 55829.493 Executing safepoint VM operation: Cleanup
Event: 55829.493 Executing safepoint VM operation: Cleanup done
Event: 55834.518 Executing safepoint VM operation: Cleanup
Event: 55834.529 Executing safepoint VM operation: Cleanup done
Event: 55834.655 Executing safepoint VM operation: ParallelGCFailedAllocation (Allocation Failure)
Event: 55834.704 Executing safepoint VM operation: ParallelGCFailedAllocation (Allocation Failure) done
Event: 55836.125 Executing safepoint VM operation: ParallelGCFailedAllocation (Allocation Failure)
Event: 55836.234 Executing safepoint VM operation: ParallelGCFailedAllocation (Allocation Failure) done
Event: 55837.008 Executing safepoint VM operation: ParallelGCFailedAllocation (Allocation Failure)
Event: 55837.244 Executing safepoint VM operation: ParallelGCFailedAllocation (Allocation Failure) done
Event: 55838.561 Executing safepoint VM operation: ParallelGCFailedAllocation (Allocation Failure)

Memory protections (0 events):
No events

Nmethod flushes (20 events):
Event: 16.845 Thread 0x000001c5b3a441f0 flushing  nmethod 0x000001c5a07cdd90
Event: 16.845 Thread 0x000001c5b3a441f0 flushing  nmethod 0x000001c5a07cee10
Event: 16.845 Thread 0x000001c5b3a441f0 flushing  nmethod 0x000001c5a07cf710
Event: 16.845 Thread 0x000001c5b3a441f0 flushing  nmethod 0x000001c5a07d1110
Event: 16.845 Thread 0x000001c5b3a441f0 flushing  nmethod 0x000001c5a07d1890
Event: 16.845 Thread 0x000001c5b3a441f0 flushing  nmethod 0x000001c5a07d2e10
Event: 16.845 Thread 0x000001c5b3a441f0 flushing  nmethod 0x000001c5a07d3710
Event: 16.845 Thread 0x000001c5b3a441f0 flushing  nmethod 0x000001c5a07d3f90
Event: 16.845 Thread 0x000001c5b3a441f0 flushing  nmethod 0x000001c5a07d6910
Event: 16.845 Thread 0x000001c5b3a441f0 flushing  nmethod 0x000001c5a07d6e10
Event: 16.845 Thread 0x000001c5b3a441f0 flushing  nmethod 0x000001c5a07d7310
Event: 16.845 Thread 0x000001c5b3a441f0 flushing  nmethod 0x000001c5a07d8290
Event: 16.845 Thread 0x000001c5b3a441f0 flushing  nmethod 0x000001c5a07ea590
Event: 16.845 Thread 0x000001c5b3a441f0 flushing  nmethod 0x000001c5a0815910
Event: 16.845 Thread 0x000001c5b3a441f0 flushing  nmethod 0x000001c5a0819810
Event: 16.845 Thread 0x000001c5b3a441f0 flushing  nmethod 0x000001c5a081e110
Event: 16.845 Thread 0x000001c5b3a441f0 flushing  nmethod 0x000001c5a082aa10
Event: 16.845 Thread 0x000001c5b3a441f0 flushing  nmethod 0x000001c5a087ef10
Event: 16.845 Thread 0x000001c5b3a441f0 flushing  nmethod 0x000001c5a089d490
Event: 16.845 Thread 0x000001c5b3a441f0 flushing  nmethod 0x000001c5a08b8090

Events (20 events):
Event: 1344.331 Thread 0x000001c5fc5b4f40 Thread exited: 0x000001c5fc5b4f40
Event: 1344.331 Thread 0x000001c5fca8c320 Thread exited: 0x000001c5fca8c320
Event: 1344.331 Thread 0x000001c5fca89530 Thread exited: 0x000001c5fca89530
Event: 1344.331 Thread 0x000001c5fc064710 Thread exited: 0x000001c5fc064710
Event: 1352.824 Thread 0x000001c5f5e39800 Thread added: 0x000001c5fe826060
Event: 1352.849 Thread 0x000001c5f5e082b0 Thread added: 0x000001c5fd83eb70
Event: 1357.884 Thread 0x000001c5fd83eb70 Thread exited: 0x000001c5fd83eb70
Event: 1358.288 Thread 0x000001c5fe826060 Thread exited: 0x000001c5fe826060
Event: 1394.370 Thread 0x000001c5fca8bc90 Thread exited: 0x000001c5fca8bc90
Event: 55302.296 Thread 0x000001c5fca8a8e0 Thread added: 0x000001c5fca8bc90
Event: 55302.342 Thread 0x000001c5fca8bc90 Thread added: 0x000001c5fca89530
Event: 55302.354 Thread 0x000001c5fca8a8e0 Thread added: 0x000001c5fca8a250
Event: 55302.401 Thread 0x000001c5fc5b48b0 Thread added: 0x000001c5fca88810
Event: 55302.531 Thread 0x000001c5fca88810 Thread exited: 0x000001c5fca88810
Event: 55302.532 Thread 0x000001c5fc5b3500 Thread added: 0x000001c5fca88810
Event: 55362.380 Thread 0x000001c5fca8a250 Thread exited: 0x000001c5fca8a250
Event: 55362.749 Thread 0x000001c5fc5b3500 Thread exited: 0x000001c5fc5b3500
Event: 55422.380 Thread 0x000001c5fca89530 Thread exited: 0x000001c5fca89530
Event: 55482.380 Thread 0x000001c5fca8bc90 Thread exited: 0x000001c5fca8bc90
Event: 55835.117 Thread 0x000001c5f5e39800 Thread added: 0x000001c5fb637220


Dynamic libraries:
0x00007ff703cf0000 - 0x00007ff703cfe000 	c:\Users\Aline\.vscode\extensions\redhat.java-1.54.0-win32-x64\jre\21.0.10-win32-x86_64\bin\java.exe
0x00007ff9c04c0000 - 0x00007ff9c0727000 	C:\WINDOWS\SYSTEM32\ntdll.dll
0x00007ff9bf580000 - 0x00007ff9bf649000 	C:\WINDOWS\System32\KERNEL32.DLL
0x00007ff9bcef0000 - 0x00007ff9bd2e7000 	C:\WINDOWS\System32\KERNELBASE.dll
0x00007ff9b9c90000 - 0x00007ff9b9d30000 	C:\WINDOWS\SYSTEM32\apphelp.dll
0x00007ff9bd3b0000 - 0x00007ff9bd4fb000 	C:\WINDOWS\System32\ucrtbase.dll
0x00007ff9abed0000 - 0x00007ff9abee8000 	c:\Users\Aline\.vscode\extensions\redhat.java-1.54.0-win32-x64\jre\21.0.10-win32-x86_64\bin\jli.dll
0x00007ff9bf300000 - 0x00007ff9bf4c6000 	C:\WINDOWS\System32\USER32.dll
0x00007ff9bd2f0000 - 0x00007ff9bd317000 	C:\WINDOWS\System32\win32u.dll
0x00007ff9be2f0000 - 0x00007ff9be31b000 	C:\WINDOWS\System32\GDI32.dll
0x00007ff9be110000 - 0x00007ff9be23c000 	C:\WINDOWS\System32\gdi32full.dll
0x00007ff9be060000 - 0x00007ff9be103000 	C:\WINDOWS\System32\msvcp_win.dll
0x00007ff9a3bd0000 - 0x00007ff9a3bee000 	c:\Users\Aline\.vscode\extensions\redhat.java-1.54.0-win32-x64\jre\21.0.10-win32-x86_64\bin\VCRUNTIME140.dll
0x00007ff99e780000 - 0x00007ff99ea12000 	C:\WINDOWS\WinSxS\amd64_microsoft.windows.common-controls_6595b64144ccf1df_6.0.26100.8457_none_3e0b2faee331e92d\COMCTL32.dll
0x00007ff9c00d0000 - 0x00007ff9c0179000 	C:\WINDOWS\System32\msvcrt.dll
0x00007ff9bfdd0000 - 0x00007ff9bfe02000 	C:\WINDOWS\System32\IMM32.DLL
0x00007ff9b9b60000 - 0x00007ff9b9b6c000 	c:\Users\Aline\.vscode\extensions\redhat.java-1.54.0-win32-x64\jre\21.0.10-win32-x86_64\bin\vcruntime140_1.dll
0x00007ff9a31d0000 - 0x00007ff9a325d000 	c:\Users\Aline\.vscode\extensions\redhat.java-1.54.0-win32-x64\jre\21.0.10-win32-x86_64\bin\msvcp140.dll
0x00007ff896510000 - 0x00007ff8972b1000 	c:\Users\Aline\.vscode\extensions\redhat.java-1.54.0-win32-x64\jre\21.0.10-win32-x86_64\bin\server\jvm.dll
0x00007ff9c0010000 - 0x00007ff9c00c6000 	C:\WINDOWS\System32\ADVAPI32.dll
0x00007ff9bed20000 - 0x00007ff9bedc7000 	C:\WINDOWS\System32\sechost.dll
0x00007ff9bfe10000 - 0x00007ff9bff28000 	C:\WINDOWS\System32\RPCRT4.dll
0x00007ff9bf270000 - 0x00007ff9bf2f0000 	C:\WINDOWS\System32\WS2_32.dll
0x00007ff9a98f0000 - 0x00007ff9a98fb000 	C:\WINDOWS\SYSTEM32\VERSION.dll
0x00007ff9b78a0000 - 0x00007ff9b78d6000 	C:\WINDOWS\SYSTEM32\WINMM.dll
0x00007ff9bcd50000 - 0x00007ff9bcdae000 	C:\WINDOWS\SYSTEM32\POWRPROF.dll
0x00007ff9bcd20000 - 0x00007ff9bcd34000 	C:\WINDOWS\SYSTEM32\UMPDC.dll
0x00007ff9bbc40000 - 0x00007ff9bbc5b000 	C:\WINDOWS\SYSTEM32\kernel.appcore.dll
0x00007ff9b76c0000 - 0x00007ff9b76ca000 	c:\Users\Aline\.vscode\extensions\redhat.java-1.54.0-win32-x64\jre\21.0.10-win32-x86_64\bin\jimage.dll
0x00007ff9ba960000 - 0x00007ff9baba2000 	C:\WINDOWS\SYSTEM32\DBGHELP.DLL
0x00007ff9bf7d0000 - 0x00007ff9bfb53000 	C:\WINDOWS\System32\combase.dll
0x00007ff9bff30000 - 0x00007ff9c0009000 	C:\WINDOWS\System32\OLEAUT32.dll
0x00007ff9b70a0000 - 0x00007ff9b70db000 	C:\WINDOWS\SYSTEM32\dbgcore.DLL
0x00007ff9bd740000 - 0x00007ff9bd7e8000 	C:\WINDOWS\System32\bcryptPrimitives.dll
0x00007ff9ac080000 - 0x00007ff9ac08f000 	c:\Users\Aline\.vscode\extensions\redhat.java-1.54.0-win32-x64\jre\21.0.10-win32-x86_64\bin\instrument.dll
0x00007ff9a3b00000 - 0x00007ff9a3b20000 	c:\Users\Aline\.vscode\extensions\redhat.java-1.54.0-win32-x64\jre\21.0.10-win32-x86_64\bin\java.dll
0x00007ff9be5a0000 - 0x00007ff9bed0e000 	C:\WINDOWS\System32\SHELL32.dll
0x00007ff9bd7f0000 - 0x00007ff9be05c000 	C:\WINDOWS\System32\windows.storage.dll
0x00007ff9c0380000 - 0x00007ff9c0476000 	C:\WINDOWS\System32\SHCORE.dll
0x00007ff9be530000 - 0x00007ff9be596000 	C:\WINDOWS\System32\shlwapi.dll
0x00007ff9bce10000 - 0x00007ff9bce39000 	C:\WINDOWS\SYSTEM32\profapi.dll
0x00007ff9a3a10000 - 0x00007ff9a3a28000 	c:\Users\Aline\.vscode\extensions\redhat.java-1.54.0-win32-x64\jre\21.0.10-win32-x86_64\bin\zip.dll
0x00007ff9b74e0000 - 0x00007ff9b74f0000 	C:\Users\Aline\.vscode\extensions\redhat.java-1.54.0-win32-x64\jre\21.0.10-win32-x86_64\bin\net.dll
0x00007ff9b4700000 - 0x00007ff9b4829000 	C:\WINDOWS\SYSTEM32\WINHTTP.dll
0x00007ff9bc190000 - 0x00007ff9bc1fc000 	C:\WINDOWS\system32\mswsock.dll
0x00007ff9a3460000 - 0x00007ff9a3476000 	C:\Users\Aline\.vscode\extensions\redhat.java-1.54.0-win32-x64\jre\21.0.10-win32-x86_64\bin\nio.dll
0x00007ff975260000 - 0x00007ff975270000 	c:\Users\Aline\.vscode\extensions\redhat.java-1.54.0-win32-x64\jre\21.0.10-win32-x86_64\bin\verify.dll
0x00007ff8aee70000 - 0x00007ff8aeeb5000 	C:\Users\Aline\AppData\Roaming\Code\User\globalStorage\redhat.java\1.54.0\config_win\org.eclipse.equinox.launcher\org.eclipse.equinox.launcher.win32.win32.x86_64_1.3.0.v20260203-2149\eclipse_11919.dll
0x00007ff9c0180000 - 0x00007ff9c0317000 	C:\WINDOWS\System32\ole32.dll
0x00007ff9bc590000 - 0x00007ff9bc5ab000 	C:\WINDOWS\SYSTEM32\CRYPTSP.dll
0x00007ff9bbba0000 - 0x00007ff9bbbd9000 	C:\WINDOWS\system32\rsaenh.dll
0x00007ff9bc240000 - 0x00007ff9bc273000 	C:\WINDOWS\SYSTEM32\USERENV.dll
0x00007ff9bcde0000 - 0x00007ff9bce0a000 	C:\WINDOWS\SYSTEM32\bcrypt.dll
0x00007ff9bc3f0000 - 0x00007ff9bc3fc000 	C:\WINDOWS\SYSTEM32\CRYPTBASE.dll
0x00007ff9bb670000 - 0x00007ff9bb6a2000 	C:\WINDOWS\SYSTEM32\IPHLPAPI.DLL
0x00007ff9bf650000 - 0x00007ff9bf65a000 	C:\WINDOWS\System32\NSI.dll
0x00007ff8b7f50000 - 0x00007ff8b7f99000 	C:\Users\Aline\AppData\Local\Temp\jna-63350709\jna11777657904190852421.dll
0x00007ff9bedd0000 - 0x00007ff9bedd8000 	C:\WINDOWS\System32\PSAPI.DLL
0x00007ff9b54d0000 - 0x00007ff9b54ed000 	C:\WINDOWS\SYSTEM32\dhcpcsvc6.DLL
0x00007ff9b4d90000 - 0x00007ff9b4db5000 	C:\WINDOWS\SYSTEM32\dhcpcsvc.DLL

JVMTI agents:
c:\Users\Aline\.vscode\extensions\redhat.java-1.54.0-win32-x64\lombok\lombok-1.18.39-4050.jar path:c:\Users\Aline\.vscode\extensions\redhat.java-1.54.0-win32-x64\jre\21.0.10-win32-x86_64\bin\instrument.dll, loaded, initialized, instrumentlib options:none

dbghelp: loaded successfully - version: 4.0.5 - missing functions: none
symbol engine: initialized successfully - sym options: 0x614 - pdb path: .;c:\Users\Aline\.vscode\extensions\redhat.java-1.54.0-win32-x64\jre\21.0.10-win32-x86_64\bin;C:\WINDOWS\SYSTEM32;C:\WINDOWS\WinSxS\amd64_microsoft.windows.common-controls_6595b64144ccf1df_6.0.26100.8457_none_3e0b2faee331e92d;c:\Users\Aline\.vscode\extensions\redhat.java-1.54.0-win32-x64\jre\21.0.10-win32-x86_64\bin\server;C:\Users\Aline\AppData\Roaming\Code\User\globalStorage\redhat.java\1.54.0\config_win\org.eclipse.equinox.launcher\org.eclipse.equinox.launcher.win32.win32.x86_64_1.3.0.v20260203-2149;C:\Users\Aline\AppData\Local\Temp\jna-63350709

VM Arguments:
jvm_args: --add-modules=ALL-SYSTEM --add-opens=java.base/java.util=ALL-UNNAMED --add-opens=java.base/java.lang=ALL-UNNAMED --add-opens=java.base/sun.nio.fs=ALL-UNNAMED -Declipse.application=org.eclipse.jdt.ls.core.id1 -Dosgi.bundles.defaultStartLevel=4 -Declipse.product=org.eclipse.jdt.ls.core.product -Djava.import.generatesMetadataFilesAtProjectRoot=false -DDetectVMInstallationsJob.disabled=true -Dfile.encoding=utf8 -XX:+UseParallelGC -XX:GCTimeRatio=4 -XX:AdaptiveSizePolicyWeight=90 -Dsun.zip.disableMemoryMapping=true -Xmx2G -Xms100m -Xlog:disable -javaagent:c:\Users\Aline\.vscode\extensions\redhat.java-1.54.0-win32-x64\lombok\lombok-1.18.39-4050.jar -XX:+HeapDumpOnOutOfMemoryError -XX:HeapDumpPath=c:\Users\Aline\AppData\Roaming\Code\User\workspaceStorage\7cf3a52f081cc32b2f7e98ab787a558f\redhat.java -Daether.dependencyCollector.impl=bf 
java_command: c:\Users\Aline\.vscode\extensions\redhat.java-1.54.0-win32-x64\server\plugins\org.eclipse.equinox.launcher_1.7.100.v20251111-0406.jar -configuration c:\Users\Aline\AppData\Roaming\Code\User\globalStorage\redhat.java\1.54.0\config_win -data c:\Users\Aline\AppData\Roaming\Code\User\workspaceStorage\7cf3a52f081cc32b2f7e98ab787a558f\redhat.java\jdt_ws --pipe=\\.\pipe\lsp-8c31db218ddaa4f6af800980cbc8a47a-sock
java_class_path (initial): c:\Users\Aline\.vscode\extensions\redhat.java-1.54.0-win32-x64\server\plugins\org.eclipse.equinox.launcher_1.7.100.v20251111-0406.jar
Launcher Type: SUN_STANDARD

[Global flags]
    uintx AdaptiveSizePolicyWeight                 = 90                                        {product} {command line}
     intx CICompilerCount                          = 4                                         {product} {ergonomic}
    uintx GCTimeRatio                              = 4                                         {product} {command line}
     bool HeapDumpOnOutOfMemoryError               = true                                   {manageable} {command line}
    ccstr HeapDumpPath                             = c:\Users\Aline\AppData\Roaming\Code\User\workspaceStorage\7cf3a52f081cc32b2f7e98ab787a558f\redhat.java         {manageable} {command line}
   size_t InitialHeapSize                          = 104857600                                 {product} {command line}
   size_t MaxHeapSize                              = 2147483648                                {product} {command line}
   size_t MaxNewSize                               = 715653120                                 {product} {ergonomic}
   size_t MinHeapDeltaBytes                        = 524288                                    {product} {ergonomic}
   size_t MinHeapSize                              = 104857600                                 {product} {command line}
   size_t NewSize                                  = 34603008                                  {product} {ergonomic}
    uintx NonNMethodCodeHeapSize                   = 5839372                                {pd product} {ergonomic}
    uintx NonProfiledCodeHeapSize                  = 122909434                              {pd product} {ergonomic}
   size_t OldSize                                  = 70254592                                  {product} {ergonomic}
    uintx ProfiledCodeHeapSize                     = 122909434                              {pd product} {ergonomic}
    uintx ReservedCodeCacheSize                    = 251658240                              {pd product} {ergonomic}
     bool SegmentedCodeCache                       = true                                      {product} {ergonomic}
   size_t SoftMaxHeapSize                          = 2147483648                             {manageable} {ergonomic}
     bool UseCompressedOops                        = true                           {product lp64_product} {ergonomic}
     bool UseLargePagesIndividualAllocation        = false                                  {pd product} {ergonomic}
     bool UseParallelGC                            = true                                      {product} {command line}

Logging:
Log output configuration:
 #0: stdout all=off uptime,level,tags foldmultilines=false
 #1: stderr all=off uptime,level,tags foldmultilines=false

Release file:
JAVA_VERSION="21.0.10" 
MODULES="java.base java.compiler java.datatransfer java.xml java.prefs java.desktop java.instrument java.logging java.management java.security.sasl java.naming java.rmi java.management.rmi java.net.http java.scripting java.security.jgss java.transaction.xa java.sql java.sql.rowset java.xml.crypto java.se java.smartcardio jdk.accessibility jdk.internal.jvmstat jdk.attach jdk.charsets jdk.internal.opt jdk.zipfs jdk.compiler jdk.crypto.ec jdk.crypto.cryptoki jdk.crypto.mscapi jdk.dynalink jdk.internal.ed jdk.editpad jdk.hotspot.agent jdk.httpserver jdk.internal.le jdk.internal.vm.ci jdk.internal.vm.compiler jdk.internal.vm.compiler.management jdk.jartool jdk.javadoc jdk.jcmd jdk.management jdk.management.agent jdk.jconsole jdk.jdeps jdk.jdwp.agent jdk.jdi jdk.jfr jdk.jshell jdk.jsobject jdk.jstatd jdk.localedata jdk.management.jfr jdk.naming.dns jdk.naming.rmi jdk.net jdk.nio.mapmode jdk.random jdk.sctp jdk.security.auth jdk.security.jgss jdk.unsupported jdk.unsupported.desktop jdk.xml.dom" 

Environment Variables:
JAVA_HOME=C:\Program Files\Java\jdk-26
PATH=C:\Users\Aline\AppData\Local\cloud-code\installer\google-cloud-sdk\bin;C:\Users\Aline\AppData\Local\Programs\Microsoft VS Code;C:\Program Files\Common Files\Oracle\Java\javapath;C:\Program Files\Java\jdk-25\bin;C:\Program Files\dotnet\;C:\Program Files\Microsoft SQL Server\170\Tools\Binn\;C:\Program Files\Docker\Docker\resources\bin;C:\Program Files\GitHub CLI\;C:\Program Files\Go\bin;C:\Program Files\nodejs\;C:\Users\Aline\.local\bin;C:\Users\Aline\AppData\Local\Programs\Python\Python312\Scripts\;C:\Users\Aline\AppData\Local\Programs\Python\Python312\;C:\Users\Aline\AppData\Local\Microsoft\WindowsApps;C:\Users\Aline\.dotnet\tools;C:\ProgramData\Aline\gitkraken\bin;C:\Users\Aline\.dotnet\tools;C:\Program Files\JetBrains\PyCharm 2025.2.3\bin;C:\Users\Aline\AppData\Local\Microsoft\WindowsApps;C:\Users\Aline\AppData\Local\Programs\Windsurf\bin;C:\Users\Aline\AppData\Local\Programs\Microsoft VS Code\bin;C:\Users\Aline\AppData\Local\Microsoft\WinGet\Packages\astral-sh.uv_Microsoft.Winget.Source_8wekyb3d8bbwe;C:\Users\Aline\.dotnet\tools;C:\Users\Aline\AppData\Local\Programs\Microsoft VS Code Insiders\bin;C:\ProgramData\Aline\GitHubDesktop\bin;C:\Users\Aline\go\bin;C:\Users\Aline\AppData\Local\GitHubDesktop\bin;C:\Users\Aline\.dotnet\tools;C:\Users\Aline\AppData\Local\Microsoft\WinGet\Links;C:\Users\Aline\AppData\Roaming\npm;C:\Users\Aline\AppData\Local\Google\Cloud SDK\google-cloud-sdk\bin;C:\Program Files (x86)\Google\Cloud SDK\google-cloud-sdk\bin;C:\Program Files\Google\Cloud SDK\google-cloud-sdk\bin
USERNAME=Aline
OS=Windows_NT
PROCESSOR_IDENTIFIER=Intel64 Family 6 Model 186 Stepping 3, GenuineIntel
TMP=C:\Users\Aline\AppData\Local\Temp
TEMP=C:\Users\Aline\AppData\Local\Temp




Periodic native trim disabled

---------------  S Y S T E M  ---------------

OS:
 Windows 11 , 64 bit Build 26100 (10.0.26100.8328)
OS uptime: 1 days 12:18 hours
Hyper-V role detected

CPU: total 12 (initial active 12) (6 cores per cpu, 2 threads per core) family 6 model 186 stepping 3 microcode 0x6134, cx8, cmov, fxsr, ht, mmx, 3dnowpref, sse, sse2, sse3, ssse3, sse4.1, sse4.2, popcnt, lzcnt, tsc, tscinvbit, avx, avx2, aes, erms, clmul, bmi1, bmi2, adx, sha, fma, vzeroupper, clflush, clflushopt, clwb, hv, serialize, rdtscp, rdpid, fsrm, f16c, cet_ibt, cet_ss
Processor Information for processor 0
  Max Mhz: 1700, Current Mhz: 1700, Mhz Limit: 1700
Processor Information for processor 1
  Max Mhz: 1700, Current Mhz: 1700, Mhz Limit: 1700
Processor Information for processor 2
  Max Mhz: 1700, Current Mhz: 1700, Mhz Limit: 1700
Processor Information for processor 3
  Max Mhz: 1700, Current Mhz: 1700, Mhz Limit: 1700
Processor Information for processor 4
  Max Mhz: 1700, Current Mhz: 1558, Mhz Limit: 1700
Processor Information for processor 5
  Max Mhz: 1700, Current Mhz: 1558, Mhz Limit: 1700
Processor Information for processor 6
  Max Mhz: 1700, Current Mhz: 1558, Mhz Limit: 1700
Processor Information for processor 7
  Max Mhz: 1700, Current Mhz: 1558, Mhz Limit: 1700
Processor Information for processor 8
  Max Mhz: 1700, Current Mhz: 1558, Mhz Limit: 1700
Processor Information for processor 9
  Max Mhz: 1700, Current Mhz: 1558, Mhz Limit: 1700
Processor Information for processor 10
  Max Mhz: 1700, Current Mhz: 1558, Mhz Limit: 1700
Processor Information for processor 11
  Max Mhz: 1700, Current Mhz: 1558, Mhz Limit: 1700

Memory: 4k page, system-wide physical 16068M (1466M free)
TotalPageFile size 65220M (AvailPageFile size 1M)
current process WorkingSet (physical memory assigned to process): 121M, peak: 235M
current process commit charge ("private bytes"): 337M, peak: 363M

vm_info: OpenJDK 64-Bit Server VM (21.0.10+7-LTS) for windows-amd64 JRE (21.0.10+7-LTS), built on 2026-01-20T00:00:00Z by "admin" with MS VC++ 17.12 (VS2022)

END.
